gcc -Wall -Wextra milk2.c
mv a.out ~
sudo chmod u+x ~/a.out
~/a.out
3037 3130 3115 3204* 3124 3165* 3137 3187* 3173 3273* 3183 3216* 
--------------------
3183 3216 3309 3347* 3319 3377* 
--------------------
3319 3377 3353 3441* 3379 3456* 3381 3447* 
--------------------
3381 3447 3446 3488* 3465 3548* 
--------------------
3465 3548 3531 3617* 3533 3576* 
--------------------
3533 3576 3625 3643* 
--------------------
3625 3643 3655 3724* 3663 3700* 3678 3778* 
--------------------
3678 3778 3772 3798* 3779 3864* 3791 3870* 3827 3853* 
--------------------
3827 3853 3884 3892* 3897 3927* 3898 3949* 
--------------------
3898 3949 
--------------------
connect point: 38: 0(3037) 38(3949)-> 912, 38
3987 3990 
--------------------
connect point: 39: 39(3987) 39(3990)-> 3, rm ~/a.out
